# JRE version: Java(TM) SE Runtime Environment (8.0_66-b18) (build 1.8.0_66-b18)
# Java VM: Java HotSpot(TM) 64-Bit Server VM (25.66-b18 mixed mode windows-amd64 compressed oops)
Heap:
 PSYoungGen      total 57856K, used 46984K [0x00000007bc400000, 0x00000007c0000000, 0x00000007c0000000)
  eden space 54272K, 81% used [0x00000007bc400000,0x00000007bef692d8,0x00000007bf900000)
  from space 3584K, 70% used [0x00000007bfc80000,0x00000007bfef8da0,0x00000007c0000000)
  to   space 3584K, 0% used [0x00000007bf900000,0x00000007bf900000,0x00000007bfc80000)
 ParOldGen       total 382464K, used 138126K [0x0000000700000000, 0x0000000717580000, 0x00000007bc400000)
  object space 382464K, 36% used [0x0000000700000000,0x00000007086e3948,0x0000000717580000)
 Metaspace       used 84609K, capacity 85142K, committed 86016K, reserved 1124352K
  class space    used 11800K, capacity 11933K, committed 12032K, reserved 1048576K
GC Heap History (10 events):
Event: 119257.035 GC heap before
{Heap before GC invocations=6557 (full 81):
 PSYoungGen      total 57344K, used 55679K [0x00000007bc400000, 0x00000007c0000000, 0x00000007c0000000)
  eden space 53248K, 100% used [0x00000007bc400000,0x00000007bf800000,0x00000007bf800000)
  from space 4096K, 59% used [0x00000007bf800000,0x00000007bfa5fdf8,0x00000007bfc00000)
  to   space 4096K, 0% used [0x00000007bfc00000,0x00000007bfc00000,0x00000007c0000000)
 ParOldGen       total 382464K, used 137734K [0x0000000700000000, 0x0000000717580000, 0x00000007bc400000)
  object space 382464K, 36% used [0x0000000700000000,0x0000000708681948,0x0000000717580000)
 Metaspace       used 84609K, capacity 85142K, committed 86016K, reserved 1124352K
  class space    used 11800K, capacity 11933K, committed 12032K, reserved 1048576K
Event: 119257.038 GC heap after
Heap after GC invocations=6557 (full 81):
 PSYoungGen      total 57344K, used 2010K [0x00000007bc400000, 0x00000007c0000000, 0x00000007c0000000)
  eden space 53248K, 0% used [0x00000007bc400000,0x00000007bc400000,0x00000007bf800000)
  from space 4096K, 49% used [0x00000007bfc00000,0x00000007bfdf6850,0x00000007c0000000)
  to   space 4096K, 0% used [0x00000007bf800000,0x00000007bf800000,0x00000007bfc00000)
 ParOldGen       total 382464K, used 137854K [0x0000000700000000, 0x0000000717580000, 0x00000007bc400000)
  object space 382464K, 36% used [0x0000000700000000,0x000000070869f948,0x0000000717580000)
 Metaspace       used 84609K, capacity 85142K, committed 86016K, reserved 1124352K
  class space    used 11800K, capacity 11933K, committed 12032K, reserved 1048576K
}
Event: 119259.082 GC heap before
{Heap before GC invocations=6558 (full 81):
 PSYoungGen      total 57344K, used 55258K [0x00000007bc400000, 0x00000007c0000000, 0x00000007c0000000)
  eden space 53248K, 100% used [0x00000007bc400000,0x00000007bf800000,0x00000007bf800000)
  from space 4096K, 49% used [0x00000007bfc00000,0x00000007bfdf6850,0x00000007c0000000)
  to   space 4096K, 0% used [0x00000007bf800000,0x00000007bf800000,0x00000007bfc00000)
 ParOldGen       total 382464K, used 137854K [0x0000000700000000, 0x0000000717580000, 0x00000007bc400000)
  object space 382464K, 36% used [0x0000000700000000,0x000000070869f948,0x0000000717580000)
 Metaspace       used 84609K, capacity 85142K, committed 86016K, reserved 1124352K
  class space    used 11800K, capacity 11933K, committed 12032K, reserved 1048576K
Event: 119259.086 GC heap after
Heap after GC invocations=6558 (full 81):
 PSYoungGen      total 57344K, used 2366K [0x00000007bc400000, 0x00000007c0000000, 0x00000007c0000000)
  eden space 53248K, 0% used [0x00000007bc400000,0x00000007bc400000,0x00000007bf800000)
  from space 4096K, 57% used [0x00000007bf800000,0x00000007bfa4f968,0x00000007bfc00000)
  to   space 3584K, 0% used [0x00000007bfc80000,0x00000007bfc80000,0x00000007c0000000)
 ParOldGen       total 382464K, used 137918K [0x0000000700000000, 0x0000000717580000, 0x00000007bc400000)
  object space 382464K, 36% used [0x0000000700000000,0x00000007086af948,0x0000000717580000)
 Metaspace       used 84609K, capacity 85142K, committed 86016K, reserved 1124352K
  class space    used 11800K, capacity 11933K, committed 12032K, reserved 1048576K
}
Event: 119262.217 GC heap before
{Heap before GC invocations=6559 (full 81):
 PSYoungGen      total 57344K, used 55614K [0x00000007bc400000, 0x00000007c0000000, 0x00000007c0000000)
  eden space 53248K, 100% used [0x00000007bc400000,0x00000007bf800000,0x00000007bf800000)
  from space 4096K, 57% used [0x00000007bf800000,0x00000007bfa4f968,0x00000007bfc00000)
  to   space 3584K, 0% used [0x00000007bfc80000,0x00000007bfc80000,0x00000007c0000000)
 ParOldGen       total 382464K, used 137918K [0x0000000700000000, 0x0000000717580000, 0x00000007bc400000)
  object space 382464K, 36% used [0x0000000700000000,0x00000007086af948,0x0000000717580000)
 Metaspace       used 84609K, capacity 85142K, committed 86016K, reserved 1124352K
  class space    used 11800K, capacity 11933K, committed 12032K, reserved 1048576K
Event: 119262.221 GC heap after
Heap after GC invocations=6559 (full 81):
 PSYoungGen      total 57856K, used 2848K [0x00000007bc400000, 0x00000007c0000000, 0x00000007c0000000)
  eden space 54272K, 0% used [0x00000007bc400000,0x00000007bc400000,0x00000007bf900000)
  from space 3584K, 79% used [0x00000007bfc80000,0x00000007bff480c0,0x00000007c0000000)
  to   space 3584K, 0% used [0x00000007bf900000,0x00000007bf900000,0x00000007bfc80000)
 ParOldGen       total 382464K, used 137918K [0x0000000700000000, 0x0000000717580000, 0x00000007bc400000)
  object space 382464K, 36% used [0x0000000700000000,0x00000007086af948,0x0000000717580000)
 Metaspace       used 84609K, capacity 85142K, committed 86016K, reserved 1124352K
  class space    used 11800K, capacity 11933K, committed 12032K, reserved 1048576K
}
Event: 119274.009 GC heap before
{Heap before GC invocations=6560 (full 81):
 PSYoungGen      total 57856K, used 57120K [0x00000007bc400000, 0x00000007c0000000, 0x00000007c0000000)
  eden space 54272K, 100% used [0x00000007bc400000,0x00000007bf900000,0x00000007bf900000)
  from space 3584K, 79% used [0x00000007bfc80000,0x00000007bff480c0,0x00000007c0000000)
  to   space 3584K, 0% used [0x00000007bf900000,0x00000007bf900000,0x00000007bfc80000)
 ParOldGen       total 382464K, used 137918K [0x0000000700000000, 0x0000000717580000, 0x00000007bc400000)
  object space 382464K, 36% used [0x0000000700000000,0x00000007086af948,0x0000000717580000)
 Metaspace       used 84609K, capacity 85142K, committed 86016K, reserved 1124352K
  class space    used 11800K, capacity 11933K, committed 12032K, reserved 1048576K
Event: 119274.015 GC heap after
Heap after GC invocations=6560 (full 81):
 PSYoungGen      total 57856K, used 2590K [0x00000007bc400000, 0x00000007c0000000, 0x00000007c0000000)
  eden space 54272K, 0% used [0x00000007bc400000,0x00000007bc400000,0x00000007bf900000)
  from space 3584K, 72% used [0x00000007bf900000,0x00000007bfb87b70,0x00000007bfc80000)
  to   space 3584K, 0% used [0x00000007bfc80000,0x00000007bfc80000,0x00000007c0000000)
 ParOldGen       total 382464K, used 137990K [0x0000000700000000, 0x0000000717580000, 0x00000007bc400000)
  object space 382464K, 36% used [0x0000000700000000,0x00000007086c1948,0x0000000717580000)
 Metaspace       used 84609K, capacity 85142K, committed 86016K, reserved 1124352K
  class space    used 11800K, capacity 11933K, committed 12032K, reserved 1048576K
}
Event: 119292.107 GC heap before
{Heap before GC invocations=6561 (full 81):
 PSYoungGen      total 57856K, used 56862K [0x00000007bc400000, 0x00000007c0000000, 0x00000007c0000000)
  eden space 54272K, 100% used [0x00000007bc400000,0x00000007bf900000,0x00000007bf900000)
  from space 3584K, 72% used [0x00000007bf900000,0x00000007bfb87b70,0x00000007bfc80000)
  to   space 3584K, 0% used [0x00000007bfc80000,0x00000007bfc80000,0x00000007c0000000)
 ParOldGen       total 382464K, used 137990K [0x0000000700000000, 0x0000000717580000, 0x00000007bc400000)
  object space 382464K, 36% used [0x0000000700000000,0x00000007086c1948,0x0000000717580000)
 Metaspace       used 84609K, capacity 85142K, committed 86016K, reserved 1124352K
  class space    used 11800K, capacity 11933K, committed 12032K, reserved 1048576K
Event: 119292.112 GC heap after
Heap after GC invocations=6561 (full 81):
 PSYoungGen      total 57856K, used 2531K [0x00000007bc400000, 0x00000007c0000000, 0x00000007c0000000)
  eden space 54272K, 0% used [0x00000007bc400000,0x00000007bc400000,0x00000007bf900000)
  from space 3584K, 70% used [0x00000007bfc80000,0x00000007bfef8da0,0x00000007c0000000)
  to   space 3584K, 0% used [0x00000007bf900000,0x00000007bf900000,0x00000007bfc80000)
 ParOldGen       total 382464K, used 138126K [0x0000000700000000, 0x0000000717580000, 0x00000007bc400000)
  object space 382464K, 36% used [0x0000000700000000,0x00000007086e3948,0x0000000717580000)
 Metaspace       used 84609K, capacity 85142K, committed 86016K, reserved 1124352K
  class space    used 11800K, capacity 11933K, committed 12032K, reserved 1048576K
}

