# JRE version: Java(TM) SE Runtime Environment (8.0_66-b18) (build 1.8.0_66-b18)
# Java VM: Java HotSpot(TM) 64-Bit Server VM (25.66-b18 mixed mode windows-amd64 compressed oops)
Heap:
 PSYoungGen      total 46592K, used 44265K [0x00000007bc400000, 0x00000007c0000000, 0x00000007c0000000)
  eden space 37888K, 93% used [0x00000007bc400000,0x00000007be6bc550,0x00000007be900000)
  from space 8704K, 99% used [0x00000007bf780000,0x00000007bfffe1d8,0x00000007c0000000)
  to   space 11776K, 0% used [0x00000007be900000,0x00000007be900000,0x00000007bf480000)
 ParOldGen       total 183808K, used 120760K [0x0000000700000000, 0x000000070b380000, 0x00000007bc400000)
  object space 183808K, 65% used [0x0000000700000000,0x00000007075ee0f8,0x000000070b380000)
 Metaspace       used 79512K, capacity 79992K, committed 80768K, reserved 1118208K
  class space    used 11435K, capacity 11562K, committed 11648K, reserved 1048576K
GC Heap History (10 events):
Event: 28371.963 GC heap before
{Heap before GC invocations=1179 (full 27):
 PSYoungGen      total 59904K, used 59875K [0x00000007bc400000, 0x00000007c0000000, 0x00000007c0000000)
  eden space 58368K, 100% used [0x00000007bc400000,0x00000007bfd00000,0x00000007bfd00000)
  from space 1536K, 98% used [0x00000007bfd00000,0x00000007bfe78d70,0x00000007bfe80000)
  to   space 1536K, 0% used [0x00000007bfe80000,0x00000007bfe80000,0x00000007c0000000)
 ParOldGen       total 183808K, used 79973K [0x0000000700000000, 0x000000070b380000, 0x00000007bc400000)
  object space 183808K, 43% used [0x0000000700000000,0x0000000704e19788,0x000000070b380000)
 Metaspace       used 79507K, capacity 79992K, committed 80768K, reserved 1118208K
  class space    used 11435K, capacity 11562K, committed 11648K, reserved 1048576K
Event: 28372.002 GC heap after
Heap after GC invocations=1179 (full 27):
 PSYoungGen      total 48640K, used 1526K [0x00000007bc400000, 0x00000007c0000000, 0x00000007c0000000)
  eden space 47104K, 0% used [0x00000007bc400000,0x00000007bc400000,0x00000007bf200000)
  from space 1536K, 99% used [0x00000007bfe80000,0x00000007bfffdbd8,0x00000007c0000000)
  to   space 7168K, 0% used [0x00000007bf200000,0x00000007bf200000,0x00000007bf900000)
 ParOldGen       total 183808K, used 95215K [0x0000000700000000, 0x000000070b380000, 0x00000007bc400000)
  object space 183808K, 51% used [0x0000000700000000,0x0000000705cfbfe8,0x000000070b380000)
 Metaspace       used 79507K, capacity 79992K, committed 80768K, reserved 1118208K
  class space    used 11435K, capacity 11562K, committed 11648K, reserved 1048576K
}
Event: 28380.351 GC heap before
{Heap before GC invocations=1180 (full 27):
 PSYoungGen      total 48640K, used 48630K [0x00000007bc400000, 0x00000007c0000000, 0x00000007c0000000)
  eden space 47104K, 100% used [0x00000007bc400000,0x00000007bf200000,0x00000007bf200000)
  from space 1536K, 99% used [0x00000007bfe80000,0x00000007bfffdbd8,0x00000007c0000000)
  to   space 7168K, 0% used [0x00000007bf200000,0x00000007bf200000,0x00000007bf900000)
 ParOldGen       total 183808K, used 95215K [0x0000000700000000, 0x000000070b380000, 0x00000007bc400000)
  object space 183808K, 51% used [0x0000000700000000,0x0000000705cfbfe8,0x000000070b380000)
 Metaspace       used 79508K, capacity 79992K, committed 80768K, reserved 1118208K
  class space    used 11435K, capacity 11562K, committed 11648K, reserved 1048576K
Event: 28380.360 GC heap after
Heap after GC invocations=1180 (full 27):
 PSYoungGen      total 52224K, used 5394K [0x00000007bc400000, 0x00000007c0000000, 0x00000007c0000000)
  eden space 46592K, 0% used [0x00000007bc400000,0x00000007bc400000,0x00000007bf180000)
  from space 5632K, 95% used [0x00000007bf200000,0x00000007bf744860,0x00000007bf780000)
  to   space 7680K, 0% used [0x00000007bf880000,0x00000007bf880000,0x00000007c0000000)
 ParOldGen       total 183808K, used 102361K [0x0000000700000000, 0x000000070b380000, 0x00000007bc400000)
  object space 183808K, 55% used [0x0000000700000000,0x00000007063f64c8,0x000000070b380000)
 Metaspace       used 79508K, capacity 79992K, committed 80768K, reserved 1118208K
  class space    used 11435K, capacity 11562K, committed 11648K, reserved 1048576K
}
Event: 28407.390 GC heap before
{Heap before GC invocations=1181 (full 27):
 PSYoungGen      total 52224K, used 51986K [0x00000007bc400000, 0x00000007c0000000, 0x00000007c0000000)
  eden space 46592K, 100% used [0x00000007bc400000,0x00000007bf180000,0x00000007bf180000)
  from space 5632K, 95% used [0x00000007bf200000,0x00000007bf744860,0x00000007bf780000)
  to   space 7680K, 0% used [0x00000007bf880000,0x00000007bf880000,0x00000007c0000000)
 ParOldGen       total 183808K, used 102361K [0x0000000700000000, 0x000000070b380000, 0x00000007bc400000)
  object space 183808K, 55% used [0x0000000700000000,0x00000007063f64c8,0x000000070b380000)
 Metaspace       used 79508K, capacity 79992K, committed 80768K, reserved 1118208K
  class space    used 11435K, capacity 11562K, committed 11648K, reserved 1048576K
Event: 28407.399 GC heap after
Heap after GC invocations=1181 (full 27):
 PSYoungGen      total 52736K, used 5327K [0x00000007bc400000, 0x00000007c0000000, 0x00000007c0000000)
  eden space 45056K, 0% used [0x00000007bc400000,0x00000007bc400000,0x00000007bf000000)
  from space 7680K, 69% used [0x00000007bf880000,0x00000007bfdb3f78,0x00000007c0000000)
  to   space 8192K, 0% used [0x00000007bf000000,0x00000007bf000000,0x00000007bf800000)
 ParOldGen       total 183808K, used 109506K [0x0000000700000000, 0x000000070b380000, 0x00000007bc400000)
  object space 183808K, 59% used [0x0000000700000000,0x0000000706af09a8,0x000000070b380000)
 Metaspace       used 79508K, capacity 79992K, committed 80768K, reserved 1118208K
  class space    used 11435K, capacity 11562K, committed 11648K, reserved 1048576K
}
Event: 28433.994 GC heap before
{Heap before GC invocations=1182 (full 27):
 PSYoungGen      total 52736K, used 50383K [0x00000007bc400000, 0x00000007c0000000, 0x00000007c0000000)
  eden space 45056K, 100% used [0x00000007bc400000,0x00000007bf000000,0x00000007bf000000)
  from space 7680K, 69% used [0x00000007bf880000,0x00000007bfdb3f78,0x00000007c0000000)
  to   space 8192K, 0% used [0x00000007bf000000,0x00000007bf000000,0x00000007bf800000)
 ParOldGen       total 183808K, used 109506K [0x0000000700000000, 0x000000070b380000, 0x00000007bc400000)
  object space 183808K, 59% used [0x0000000700000000,0x0000000706af09a8,0x000000070b380000)
 Metaspace       used 79508K, capacity 79992K, committed 80768K, reserved 1118208K
  class space    used 11435K, capacity 11562K, committed 11648K, reserved 1048576K
Event: 28434.007 GC heap after
Heap after GC invocations=1182 (full 27):
 PSYoungGen      total 50176K, used 5395K [0x00000007bc400000, 0x00000007c0000000, 0x00000007c0000000)
  eden space 44544K, 0% used [0x00000007bc400000,0x00000007bc400000,0x00000007bef80000)
  from space 5632K, 95% used [0x00000007bf000000,0x00000007bf544da0,0x00000007bf580000)
  to   space 8704K, 0% used [0x00000007bf780000,0x00000007bf780000,0x00000007c0000000)
 ParOldGen       total 183808K, used 116651K [0x0000000700000000, 0x000000070b380000, 0x00000007bc400000)
  object space 183808K, 63% used [0x0000000700000000,0x00000007071eae88,0x000000070b380000)
 Metaspace       used 79508K, capacity 79992K, committed 80768K, reserved 1118208K
  class space    used 11435K, capacity 11562K, committed 11648K, reserved 1048576K
}
Event: 28548.726 GC heap before
{Heap before GC invocations=1183 (full 27):
 PSYoungGen      total 50176K, used 49939K [0x00000007bc400000, 0x00000007c0000000, 0x00000007c0000000)
  eden space 44544K, 100% used [0x00000007bc400000,0x00000007bef80000,0x00000007bef80000)
  from space 5632K, 95% used [0x00000007bf000000,0x00000007bf544da0,0x00000007bf580000)
  to   space 8704K, 0% used [0x00000007bf780000,0x00000007bf780000,0x00000007c0000000)
 ParOldGen       total 183808K, used 116651K [0x0000000700000000, 0x000000070b380000, 0x00000007bc400000)
  object space 183808K, 63% used [0x0000000700000000,0x00000007071eae88,0x000000070b380000)
 Metaspace       used 79508K, capacity 79992K, committed 80768K, reserved 1118208K
  class space    used 11435K, capacity 11562K, committed 11648K, reserved 1048576K
Event: 28548.760 GC heap after
Heap after GC invocations=1183 (full 27):
 PSYoungGen      total 46592K, used 8696K [0x00000007bc400000, 0x00000007c0000000, 0x00000007c0000000)
  eden space 37888K, 0% used [0x00000007bc400000,0x00000007bc400000,0x00000007be900000)
  from space 8704K, 99% used [0x00000007bf780000,0x00000007bfffe1d8,0x00000007c0000000)
  to   space 11776K, 0% used [0x00000007be900000,0x00000007be900000,0x00000007bf480000)
 ParOldGen       total 183808K, used 120760K [0x0000000700000000, 0x000000070b380000, 0x00000007bc400000)
  object space 183808K, 65% used [0x0000000700000000,0x00000007075ee0f8,0x000000070b380000)
 Metaspace       used 79508K, capacity 79992K, committed 80768K, reserved 1118208K
  class space    used 11435K, capacity 11562K, committed 11648K, reserved 1048576K
}

